[2020-07-14T17:11:30.581] [DEBUG] cheese - login => username:admin,password:123456
[2020-07-14T17:11:30.583] [DEBUG] cheese - admin
[2020-07-14T17:11:30.599] [DEBUG] cheese - null
[2020-07-14T17:11:30.600] [DEBUG] cheese - null
[2020-07-14T17:25:27.223] [DEBUG] cheese - login => username:ww,password:123456
[2020-07-14T17:25:27.223] [DEBUG] cheese - ww
[2020-07-14T17:25:27.225] [DEBUG] cheese - null
[2020-07-14T17:25:27.225] [DEBUG] cheese - null
[2020-07-14T17:25:37.137] [DEBUG] cheese - login => username:ww,password:123456
[2020-07-14T17:25:37.137] [DEBUG] cheese - ww
[2020-07-14T17:25:37.139] [DEBUG] cheese - null
[2020-07-14T17:25:37.139] [DEBUG] cheese - null
[2020-07-14T17:25:45.404] [DEBUG] cheese - login => username:zce,password:123456
[2020-07-14T17:25:45.405] [DEBUG] cheese - zce
[2020-07-14T17:25:45.407] [DEBUG] cheese - null
[2020-07-14T17:25:45.407] [DEBUG] cheese - null
[2020-07-14T17:25:57.643] [DEBUG] cheese - login => username:zce,password:123456
[2020-07-14T17:25:57.643] [DEBUG] cheese - zce
[2020-07-14T17:25:57.646] [DEBUG] cheese - null
[2020-07-14T17:25:57.646] [DEBUG] cheese - null
[2020-07-14T17:26:41.055] [DEBUG] cheese - login => username:asdf1,password:123456
[2020-07-14T17:26:41.055] [DEBUG] cheese - asdf1
[2020-07-14T17:26:41.057] [DEBUG] cheese - null
[2020-07-14T17:26:41.057] [DEBUG] cheese - null
[2020-07-14T17:53:21.879] [DEBUG] cheese - login => username:admin1,password:123456
[2020-07-14T17:53:21.879] [DEBUG] cheese - admin1
[2020-07-14T17:53:21.881] [DEBUG] cheese - null
[2020-07-14T17:53:21.881] [DEBUG] cheese - null
[2020-07-14T17:53:37.039] [DEBUG] cheese - login => username:admin1,password:123456
[2020-07-14T17:53:37.040] [DEBUG] cheese - admin1
[2020-07-14T17:53:37.041] [DEBUG] cheese - null
[2020-07-14T17:53:37.041] [DEBUG] cheese - null
[2020-07-14T17:53:40.594] [DEBUG] cheese - login => username:admin1,password:123456
[2020-07-14T17:53:40.594] [DEBUG] cheese - admin1
[2020-07-14T17:53:40.597] [DEBUG] cheese - null
[2020-07-14T17:53:40.597] [DEBUG] cheese - null
[2020-07-14T17:54:36.904] [DEBUG] cheese - login => username:admina,password:123456
[2020-07-14T17:54:36.905] [DEBUG] cheese - admina
[2020-07-14T17:54:36.907] [DEBUG] cheese - null
[2020-07-14T17:54:36.907] [DEBUG] cheese - null
[2020-07-14T17:57:30.117] [DEBUG] cheese - login => username:admina,password:123456
[2020-07-14T17:57:30.118] [DEBUG] cheese - admina
[2020-07-14T17:57:30.119] [DEBUG] cheese - null
[2020-07-14T17:57:30.119] [DEBUG] cheese - null
[2020-07-14T18:01:18.931] [DEBUG] cheese - login => username:奥迪s,password:aadfasdf
[2020-07-14T18:01:18.931] [DEBUG] cheese - 奥迪s
[2020-07-14T18:01:18.932] [DEBUG] cheese - null
[2020-07-14T18:01:18.932] [DEBUG] cheese - null
[2020-07-14T18:06:00.423] [DEBUG] cheese - login => username:奥迪s,password:aadfasdf
[2020-07-14T18:06:00.424] [DEBUG] cheese - 奥迪s
[2020-07-14T18:06:00.457] [DEBUG] cheese - null
[2020-07-14T18:06:00.458] [DEBUG] cheese - null
